<?xml version="1.0" encoding="UTF-8"?>
<testng-results skipped="0" failed="0" ignored="0" total="1" passed="1">
  <reporter-output>
  </reporter-output>
  <suite name="Default suite" duration-ms="855" started-at="2020-04-29T22:25:42Z" finished-at="2020-04-29T22:25:43Z">
    <groups>
    </groups>
    <test name="Default test" duration-ms="855" started-at="2020-04-29T22:25:42Z" finished-at="2020-04-29T22:25:43Z">
      <class name="com.companyName.projectName.testCases.ReadingDataFromXlsx">
        <test-method status="PASS" signature="readingDataFromXlsx()[pri:0, instance:com.companyName.projectName.testCases.ReadingDataFromXlsx@ae45eb6]" name="readingDataFromXlsx" duration-ms="811" started-at="2020-04-29T22:25:42Z" finished-at="2020-04-29T22:25:43Z">
          <reporter-output>
          </reporter-output>
        </test-method> <!-- readingDataFromXlsx -->
      </class> <!-- com.companyName.projectName.testCases.ReadingDataFromXlsx -->
    </test> <!-- Default test -->
  </suite> <!-- Default suite -->
</testng-results>
